Configuration on demand is an incubating feature.

> Configure project :app
WARNING: The option 'android.enableD8.desugaring' is deprecated.
The current default is 'true'.
It was removed in version 7.0 of the Android Gradle plugin.
D8 desugaring is used by default, when applicable.
model-config.json not found, skipping model download
No model configurations found, skipping download task

> Task :mnn_tts:preBuild UP-TO-DATE
> Task :mnn_tts:preDebugBuild UP-TO-DATE
> Task :opencv:preBuild UP-TO-DATE
> Task :opencv:preDebugBuild UP-TO-DATE
> Task :mnn_tts:generateDebugResValues UP-TO-DATE
> Task :model_downloader:preBuild UP-TO-DATE

> Task :app:downloadAndUnzipNativeLibs SKIPPED
-> Checking if native libs exist... [Exists: true]

> Task :model_downloader:preDebugBuild UP-TO-DATE
> Task :app:preBuild UP-TO-DATE
> Task :app:preGoogleplayDebugBuild UP-TO-DATE
> Task :app:mergeGoogleplayDebugNativeDebugMetadata NO-SOURCE
> Task :app:checkKotlinGradlePluginConfigurationErrors SKIPPED
> Task :model_downloader:generateDebugResValues UP-TO-DATE
> Task :mnn_tts:generateDebugResources UP-TO-DATE
> Task :model_downloader:generateDebugResources UP-TO-DATE
> Task :opencv:generateDebugResValues UP-TO-DATE
> Task :mnn_tts:packageDebugResources UP-TO-DATE
> Task :opencv:generateDebugResources UP-TO-DATE
> Task :model_downloader:packageDebugResources UP-TO-DATE
> Task :opencv:packageDebugResources UP-TO-DATE
> Task :mnn_tts:parseDebugLocalResources UP-TO-DATE
> Task :opencv:parseDebugLocalResources UP-TO-DATE
> Task :mnn_tts:generateDebugRFile UP-TO-DATE
> Task :model_downloader:parseDebugLocalResources UP-TO-DATE
> Task :mnn_tts:writeDebugAarMetadata UP-TO-DATE
> Task :opencv:generateDebugRFile UP-TO-DATE
> Task :opencv:writeDebugAarMetadata UP-TO-DATE
> Task :mnn_tts:extractDeepLinksDebug UP-TO-DATE
> Task :opencv:extractDeepLinksDebug UP-TO-DATE
> Task :model_downloader:generateDebugRFile UP-TO-DATE
> Task :model_downloader:writeDebugAarMetadata UP-TO-DATE
> Task :opencv:processDebugManifest UP-TO-DATE
> Task :mnn_tts:processDebugManifest UP-TO-DATE
> Task :model_downloader:extractDeepLinksDebug UP-TO-DATE
> Task :opencv:compileDebugLibraryResources UP-TO-DATE
> Task :mnn_tts:compileDebugLibraryResources UP-TO-DATE
> Task :mnn_tts:checkKotlinGradlePluginConfigurationErrors SKIPPED
> Task :mnn_tts:generateDebugBuildConfig UP-TO-DATE
> Task :model_downloader:processDebugManifest UP-TO-DATE
> Task :model_downloader:compileDebugLibraryResources UP-TO-DATE
> Task :model_downloader:checkKotlinGradlePluginConfigurationErrors SKIPPED
> Task :opencv:compileDebugAidl UP-TO-DATE
> Task :opencv:checkKotlinGradlePluginConfigurationErrors SKIPPED
> Task :opencv:generateDebugBuildConfig UP-TO-DATE
> Task :mnn_tts:compileDebugKotlin UP-TO-DATE
> Task :mnn_tts:javaPreCompileDebug UP-TO-DATE
> Task :mnn_tts:compileDebugJavaWithJavac UP-TO-DATE
> Task :mnn_tts:bundleLibCompileToJarDebug UP-TO-DATE
> Task :mnn_tts:mergeDebugShaders UP-TO-DATE
> Task :mnn_tts:compileDebugShaders NO-SOURCE
> Task :mnn_tts:generateDebugAssets UP-TO-DATE
> Task :mnn_tts:packageDebugAssets UP-TO-DATE
> Task :mnn_tts:processDebugJavaRes UP-TO-DATE
> Task :mnn_tts:bundleLibRuntimeToDirDebug UP-TO-DATE
> Task :mnn_tts:configureCMakeDebug[arm64-v8a]
> Task :model_downloader:compileDebugKotlin UP-TO-DATE
> Task :model_downloader:javaPreCompileDebug UP-TO-DATE
> Task :opencv:javaPreCompileDebug UP-TO-DATE
> Task :opencv:mergeDebugShaders UP-TO-DATE
> Task :opencv:compileDebugShaders NO-SOURCE
> Task :opencv:generateDebugAssets UP-TO-DATE
> Task :opencv:packageDebugAssets UP-TO-DATE
> Task :model_downloader:compileDebugJavaWithJavac UP-TO-DATE
> Task :model_downloader:bundleLibCompileToJarDebug UP-TO-DATE
> Task :model_downloader:mergeDebugShaders UP-TO-DATE
> Task :model_downloader:compileDebugShaders NO-SOURCE
> Task :model_downloader:generateDebugAssets UP-TO-DATE
> Task :model_downloader:packageDebugAssets UP-TO-DATE
> Task :opencv:configureCMakeDebug[arm64-v8a]
> Task :model_downloader:processDebugJavaRes UP-TO-DATE
> Task :model_downloader:bundleLibRuntimeToDirDebug UP-TO-DATE
> Task :model_downloader:mergeDebugJniLibFolders UP-TO-DATE
> Task :model_downloader:mergeDebugNativeLibs NO-SOURCE
> Task :model_downloader:copyDebugJniLibsProjectOnly UP-TO-DATE
> Task :model_downloader:stripDebugDebugSymbols NO-SOURCE
> Task :model_downloader:copyDebugJniLibsProjectAndLocalJars UP-TO-DATE
> Task :model_downloader:extractDebugAnnotations UP-TO-DATE
> Task :model_downloader:extractDeepLinksForAarDebug UP-TO-DATE
> Task :model_downloader:mergeDebugGeneratedProguardFiles UP-TO-DATE
> Task :model_downloader:mergeDebugConsumerProguardFiles UP-TO-DATE
> Task :model_downloader:prepareDebugArtProfile UP-TO-DATE
> Task :model_downloader:prepareLintJarForPublish UP-TO-DATE
> Task :model_downloader:mergeDebugJavaResource UP-TO-DATE
> Task :model_downloader:syncDebugLibJars UP-TO-DATE
> Task :model_downloader:bundleDebugAar UP-TO-DATE
> Task :model_downloader:assembleDebug UP-TO-DATE
> Task :app:dataBindingMergeDependencyArtifactsGoogleplayDebug UP-TO-DATE
> Task :app:generateGoogleplayDebugResValues UP-TO-DATE
> Task :app:generateGoogleplayDebugResources UP-TO-DATE
> Task :app:mergeGoogleplayDebugResources UP-TO-DATE
> Task :app:packageGoogleplayDebugResources UP-TO-DATE
> Task :app:parseGoogleplayDebugLocalResources UP-TO-DATE
> Task :app:dataBindingGenBaseClassesGoogleplayDebug UP-TO-DATE
> Task :app:generateGoogleplayDebugBuildConfig UP-TO-DATE
> Task :app:checkGoogleplayDebugAarMetadata UP-TO-DATE
> Task :app:mapGoogleplayDebugSourceSetPaths UP-TO-DATE
> Task :app:createGoogleplayDebugCompatibleScreenManifests UP-TO-DATE
> Task :app:extractDeepLinksGoogleplayDebug UP-TO-DATE
> Task :app:processGoogleplayDebugMainManifest UP-TO-DATE
> Task :app:processGoogleplayDebugManifest UP-TO-DATE
> Task :app:processGoogleplayDebugManifestForPackage UP-TO-DATE
> Task :app:processGoogleplayDebugResources UP-TO-DATE
> Task :app:javaPreCompileGoogleplayDebug UP-TO-DATE
> Task :app:mergeGoogleplayDebugShaders UP-TO-DATE
> Task :app:compileGoogleplayDebugShaders NO-SOURCE
> Task :app:generateGoogleplayDebugAssets UP-TO-DATE
> Task :app:mergeGoogleplayDebugAssets UP-TO-DATE
> Task :app:compressGoogleplayDebugAssets UP-TO-DATE
> Task :opencv:buildCMakeDebug[arm64-v8a][opencv_jni_shared]
> Task :app:checkGoogleplayDebugDuplicateClasses UP-TO-DATE
> Task :app:desugarGoogleplayDebugFileDependencies UP-TO-DATE
> Task :opencv:configureCMakeDebug[armeabi-v7a]
> Task :mnn_tts:buildCMakeDebug[arm64-v8a]
> Task :mnn_tts:mergeDebugJniLibFolders UP-TO-DATE
> Task :mnn_tts:mergeDebugNativeLibs UP-TO-DATE
> Task :mnn_tts:copyDebugJniLibsProjectOnly UP-TO-DATE
> Task :mnn_tts:stripDebugDebugSymbols UP-TO-DATE
> Task :mnn_tts:copyDebugJniLibsProjectAndLocalJars UP-TO-DATE
> Task :app:mergeExtDexGoogleplayDebug UP-TO-DATE
> Task :mnn_tts:extractDebugAnnotations UP-TO-DATE
> Task :mnn_tts:extractDeepLinksForAarDebug UP-TO-DATE
> Task :mnn_tts:mergeDebugGeneratedProguardFiles UP-TO-DATE
> Task :mnn_tts:mergeDebugConsumerProguardFiles UP-TO-DATE
> Task :mnn_tts:prepareDebugArtProfile UP-TO-DATE
> Task :mnn_tts:prepareLintJarForPublish UP-TO-DATE
> Task :mnn_tts:mergeDebugJavaResource UP-TO-DATE
> Task :mnn_tts:syncDebugLibJars UP-TO-DATE
> Task :mnn_tts:bundleDebugAar UP-TO-DATE
> Task :mnn_tts:assembleDebug UP-TO-DATE
> Task :app:configureCMakeDebug[arm64-v8a]
> Task :opencv:buildCMakeDebug[armeabi-v7a][opencv_jni_shared]
> Task :opencv:configureCMakeDebug[x86]
> Task :app:buildCMakeDebug[arm64-v8a]
> Task :app:mergeGoogleplayDebugJniLibFolders UP-TO-DATE
> Task :app:validateSigningGoogleplayDebug UP-TO-DATE
> Task :app:writeGoogleplayDebugAppMetadata UP-TO-DATE
> Task :app:writeGoogleplayDebugSigningConfigVersions UP-TO-DATE
> Task :app:preStandardDebugBuild UP-TO-DATE
> Task :app:mergeStandardDebugNativeDebugMetadata NO-SOURCE
> Task :app:dataBindingMergeDependencyArtifactsStandardDebug UP-TO-DATE
> Task :app:generateStandardDebugResValues UP-TO-DATE
> Task :app:generateStandardDebugResources UP-TO-DATE
> Task :app:mergeStandardDebugResources UP-TO-DATE
> Task :app:packageStandardDebugResources UP-TO-DATE
> Task :app:parseStandardDebugLocalResources UP-TO-DATE
> Task :app:dataBindingGenBaseClassesStandardDebug UP-TO-DATE
> Task :app:generateStandardDebugBuildConfig UP-TO-DATE
> Task :app:checkStandardDebugAarMetadata UP-TO-DATE
> Task :app:mapStandardDebugSourceSetPaths UP-TO-DATE
> Task :app:createStandardDebugCompatibleScreenManifests UP-TO-DATE
> Task :opencv:buildCMakeDebug[x86][opencv_jni_shared]
> Task :app:extractDeepLinksStandardDebug UP-TO-DATE
> Task :app:processStandardDebugMainManifest UP-TO-DATE
> Task :app:processStandardDebugManifest UP-TO-DATE
> Task :app:processStandardDebugManifestForPackage UP-TO-DATE
> Task :app:processStandardDebugResources UP-TO-DATE
> Task :app:javaPreCompileStandardDebug UP-TO-DATE
> Task :app:mergeStandardDebugShaders UP-TO-DATE
> Task :opencv:configureCMakeDebug[x86_64]
> Task :app:compileStandardDebugShaders NO-SOURCE
> Task :app:generateStandardDebugAssets UP-TO-DATE
> Task :app:mergeStandardDebugAssets UP-TO-DATE
> Task :app:compressStandardDebugAssets UP-TO-DATE
> Task :app:checkStandardDebugDuplicateClasses UP-TO-DATE
> Task :app:desugarStandardDebugFileDependencies UP-TO-DATE
> Task :app:mergeExtDexStandardDebug UP-TO-DATE
> Task :app:mergeStandardDebugJniLibFolders UP-TO-DATE
> Task :app:validateSigningStandardDebug UP-TO-DATE
> Task :app:writeStandardDebugAppMetadata UP-TO-DATE
> Task :app:writeStandardDebugSigningConfigVersions UP-TO-DATE
> Task :opencv:buildCMakeDebug[x86_64][opencv_jni_shared]
> Task :opencv:mergeDebugJniLibFolders UP-TO-DATE
> Task :opencv:mergeDebugNativeLibs UP-TO-DATE
> Task :opencv:copyDebugJniLibsProjectOnly UP-TO-DATE
> Task :opencv:stripDebugDebugSymbols UP-TO-DATE
> Task :opencv:copyDebugJniLibsProjectAndLocalJars UP-TO-DATE
> Task :opencv:extractDeepLinksForAarDebug UP-TO-DATE
> Task :opencv:prepareDebugArtProfile UP-TO-DATE
> Task :opencv:prepareLintJarForPublish UP-TO-DATE
> Task :app:mergeGoogleplayDebugNativeLibs UP-TO-DATE
> Task :app:mergeStandardDebugNativeLibs UP-TO-DATE

> Task :opencv:compileDebugKotlin
e: org.jetbrains.kotlin.backend.common.BackendException: Backend Internal error: Exception during IR lowering
File being compiled: C:/Users/rajub/Downloads/MNN/apps/Android/MnnLlmChat/opencv/java/src/org/opencv/core/MatAt.kt
The root cause java.lang.RuntimeException was thrown at: org.jetbrains.kotlin.backend.jvm.codegen.FunctionCodegen.generate(FunctionCodegen.kt:48)
	at org.jetbrains.kotlin.backend.common.CodegenUtil.reportBackendException(CodegenUtil.kt:107)
	at org.jetbrains.kotlin.backend.common.CodegenUtil.reportBackendException$default(CodegenUtil.kt:90)
	at org.jetbrains.kotlin.backend.common.phaser.PerformByIrFilePhase.invokeSequential(performByIrFile.kt:54)
	at org.jetbrains.kotlin.backend.common.phaser.PerformByIrFilePhase.invoke(performByIrFile.kt:41)
	at org.jetbrains.kotlin.backend.common.phaser.PerformByIrFilePhase.invoke(performByIrFile.kt:27)
	at org.jetbrains.kotlin.config.phaser.CompilerPhaseKt.invokeToplevel(CompilerPhase.kt:62)
	at org.jetbrains.kotlin.backend.jvm.JvmIrCodegenFactory.invokeCodegen(JvmIrCodegenFactory.kt:371)
	at org.jetbrains.kotlin.cli.jvm.compiler.KotlinToJVMBytecodeCompiler.runCodegen$cli(KotlinToJVMBytecodeCompiler.kt:413)
	at org.jetbrains.kotlin.cli.pipeline.jvm.JvmBackendPipelinePhase.executePhase(JvmBackendPipelinePhase.kt:98)
	at org.jetbrains.kotlin.cli.pipeline.jvm.JvmBackendPipelinePhase.executePhase(JvmBackendPipelinePhase.kt:30)
	at org.jetbrains.kotlin.cli.pipeline.PipelinePhase.phaseBody(PipelinePhase.kt:68)
	at org.jetbrains.kotlin.cli.pipeline.PipelinePhase.phaseBody(PipelinePhase.kt:58)
	at org.jetbrains.kotlin.config.phaser.SimpleNamedCompilerPhase.phaseBody(CompilerPhase.kt:215)
	at org.jetbrains.kotlin.config.phaser.NamedCompilerPhase.invoke(CompilerPhase.kt:111)
	at org.jetbrains.kotlin.backend.common.phaser.CompositePhase.invoke(PhaseBuilders.kt:28)
	at org.jetbrains.kotlin.config.phaser.CompilerPhaseKt.invokeToplevel(CompilerPhase.kt:62)
	at org.jetbrains.kotlin.cli.pipeline.AbstractCliPipeline.runPhasedPipeline(AbstractCliPipeline.kt:106)
	at org.jetbrains.kotlin.cli.pipeline.AbstractCliPipeline.execute(AbstractCliPipeline.kt:65)
	at org.jetbrains.kotlin.cli.jvm.K2JVMCompiler.doExecutePhased(K2JVMCompiler.kt:61)
	at org.jetbrains.kotlin.cli.jvm.K2JVMCompiler.doExecutePhased(K2JVMCompiler.kt:36)
	at org.jetbrains.kotlin.cli.common.CLICompiler.execImpl(CLICompiler.kt:80)
	at org.jetbrains.kotlin.cli.common.CLICompiler.exec(CLICompiler.kt:337)
	at org.jetbrains.kotlin.incremental.IncrementalJvmCompilerRunner.runCompiler(IncrementalJvmCompilerRunner.kt:466)
	at org.jetbrains.kotlin.incremental.IncrementalJvmCompilerRunner.runCompiler(IncrementalJvmCompilerRunner.kt:75)
	at org.jetbrains.kotlin.incremental.IncrementalCompilerRunner.doCompile(IncrementalCompilerRunner.kt:514)
	at org.jetbrains.kotlin.incremental.IncrementalCompilerRunner.compileImpl(IncrementalCompilerRunner.kt:431)
	at org.jetbrains.kotlin.incremental.IncrementalCompilerRunner.compileNonIncrementally(IncrementalCompilerRunner.kt:310)
	at org.jetbrains.kotlin.incremental.IncrementalCompilerRunner.compile(IncrementalCompilerRunner.kt:137)
	at org.jetbrains.kotlin.daemon.CompileServiceImplBase.execIncrementalCompiler(CompileServiceImpl.kt:678)
	at org.jetbrains.kotlin.daemon.CompileServiceImplBase.access$execIncrementalCompiler(CompileServiceImpl.kt:92)
	at org.jetbrains.kotlin.daemon.CompileServiceImpl.compile(CompileServiceImpl.kt:1805)
	at java.base/jdk.internal.reflect.NativeMethodAccessorImpl.invoke0(Native Method)
	at java.base/jdk.internal.reflect.NativeMethodAccessorImpl.invoke(NativeMethodAccessorImpl.java:77)
	at java.base/jdk.internal.reflect.DelegatingMethodAccessorImpl.invoke(DelegatingMethodAccessorImpl.java:43)
	at java.base/java.lang.reflect.Method.invoke(Method.java:568)
	at java.rmi/sun.rmi.server.UnicastServerRef.dispatch(UnicastServerRef.java:360)
	at java.rmi/sun.rmi.transport.Transport$1.run(Transport.java:200)
	at java.rmi/sun.rmi.transport.Transport$1.run(Transport.java:197)
	at java.base/java.security.AccessController.doPrivileged(AccessController.java:712)
	at java.rmi/sun.rmi.transport.Transport.serviceCall(Transport.java:196)
	at java.rmi/sun.rmi.transport.tcp.TCPTransport.handleMessages(TCPTransport.java:587)
	at java.rmi/sun.rmi.transport.tcp.TCPTransport$ConnectionHandler.run0(TCPTransport.java:828)
	at java.rmi/sun.rmi.transport.tcp.TCPTransport$ConnectionHandler.lambda$run$0(TCPTransport.java:705)
	at java.base/java.security.AccessController.doPrivileged(AccessController.java:399)
	at java.rmi/sun.rmi.transport.tcp.TCPTransport$ConnectionHandler.run(TCPTransport.java:704)
	at java.base/java.util.concurrent.ThreadPoolExecutor.runWorker(ThreadPoolExecutor.java:1136)
	at java.base/java.util.concurrent.ThreadPoolExecutor$Worker.run(ThreadPoolExecutor.java:635)
	at java.base/java.lang.Thread.run(Thread.java:842)
Caused by: java.lang.RuntimeException: Exception while generating code for:
FUN name:setV2c visibility:public modality:OPEN <> ($this:org.opencv.core.AtableUByte, v:org.opencv.core.Mat.Tuple2<kotlin.UByte>) returnType:kotlin.Unit
  overridden:
    public abstract fun setV2c (v: @[FlexibleNullability] org.opencv.core.Mat.Tuple2<@[FlexibleNullability] T of org.opencv.core.Mat.Atable?>?): kotlin.Unit declared in org.opencv.core.Mat.Atable
  $this: VALUE_PARAMETER name:<this> type:org.opencv.core.AtableUByte
  VALUE_PARAMETER name:v index:0 type:org.opencv.core.Mat.Tuple2<kotlin.UByte>
  BLOCK_BODY
    VAR name:data type:kotlin.UByteArray [val]
      CALL 'public final fun <unsafe-coerce> <T, R> (v: T of kotlin.jvm.internal.<unsafe-coerce>): R of kotlin.jvm.internal.<unsafe-coerce> declared in kotlin.jvm.internal' type=kotlin.UByteArray origin=null
        <T>: kotlin.ByteArray
        <R>: kotlin.UByteArray
        v: BLOCK type=kotlin.ByteArray origin=null
          VAR IR_TEMPORARY_VARIABLE name:tmp0 type:kotlin.ByteArray [val]
            CONSTRUCTOR_CALL 'public constructor <init> (size: kotlin.Int) [primary] declared in kotlin.ByteArray' type=kotlin.ByteArray origin=null
              size: CONST Int type=kotlin.Int value=2
          CALL 'public final fun set (index: kotlin.Int, value: kotlin.Byte): kotlin.Unit [operator] declared in kotlin.ByteArray' type=kotlin.Unit origin=null
            $this: GET_VAR 'val tmp0: kotlin.ByteArray [val] declared in org.opencv.core.AtableUByte.setV2c' type=kotlin.ByteArray origin=null
            index: CONST Int type=kotlin.Int value=0
            value: CALL 'public final fun <unsafe-coerce> <T, R> (v: T of kotlin.jvm.internal.<unsafe-coerce>): R of kotlin.jvm.internal.<unsafe-coerce> declared in kotlin.jvm.internal' type=kotlin.Byte origin=null
              <T>: @[FlexibleNullability] kotlin.UByte?
              <R>: kotlin.Byte
              v: CALL 'public open fun get_0 (): @[FlexibleNullability] T of org.opencv.core.Mat.Tuple2? declared in org.opencv.core.Mat.Tuple2' type=@[FlexibleNullability] kotlin.UByte? origin=GET_PROPERTY
                $this: GET_VAR 'v: org.opencv.core.Mat.Tuple2<kotlin.UByte> declared in org.opencv.core.AtableUByte.setV2c' type=org.opencv.core.Mat.Tuple2<kotlin.UByte> origin=null
          CALL 'public final fun set (index: kotlin.Int, value: kotlin.Byte): kotlin.Unit [operator] declared in kotlin.ByteArray' type=kotlin.Unit origin=null
            $this: GET_VAR 'val tmp0: kotlin.ByteArray [val] declared in org.opencv.core.AtableUByte.setV2c' type=kotlin.ByteArray origin=null
            index: CONST Int type=kotlin.Int value=1
            value: CALL 'public final fun <unsafe-coerce> <T, R> (v: T of kotlin.jvm.internal.<unsafe-coerce>): R of kotlin.jvm.internal.<unsafe-coerce> declared in kotlin.jvm.internal' type=kotlin.Byte origin=null
              <T>: @[FlexibleNullability] kotlin.UByte?
              <R>: kotlin.Byte
              v: CALL 'public open fun get_1 (): @[FlexibleNullability] T of org.opencv.core.Mat.Tuple2? declared in org.opencv.core.Mat.Tuple2' type=@[FlexibleNullability] kotlin.UByte? origin=GET_PROPERTY
                $this: GET_VAR 'v: org.opencv.core.Mat.Tuple2<kotlin.UByte> declared in org.opencv.core.AtableUByte.setV2c' type=org.opencv.core.Mat.Tuple2<kotlin.UByte> origin=null
          GET_VAR 'val tmp0: kotlin.ByteArray [val] declared in org.opencv.core.AtableUByte.setV2c' type=kotlin.ByteArray origin=null
    COMPOSITE type=kotlin.Unit origin=null
      CALL 'public final fun put-7tiRaYo (indices: kotlin.IntArray, data: kotlin.UByteArray): kotlin.Int declared in org.opencv.core.MatAtKt' type=kotlin.Int origin=null
        $receiver: GET_FIELD 'FIELD PROPERTY_BACKING_FIELD name:mat type:org.opencv.core.Mat visibility:private [final]' type=org.opencv.core.Mat origin=null
          receiver: GET_VAR '<this>: org.opencv.core.AtableUByte declared in org.opencv.core.AtableUByte.setV2c' type=org.opencv.core.AtableUByte origin=null
        indices: GET_FIELD 'FIELD PROPERTY_BACKING_FIELD name:indices type:kotlin.IntArray visibility:private [final]' type=kotlin.IntArray origin=null
          receiver: GET_VAR '<this>: org.opencv.core.AtableUByte declared in org.opencv.core.AtableUByte.setV2c' type=org.opencv.core.AtableUByte origin=null
        data: GET_VAR 'val data: kotlin.UByteArray [val] declared in org.opencv.core.AtableUByte.setV2c' type=kotlin.UByteArray origin=null
      COMPOSITE type=kotlin.Unit origin=null

	at org.jetbrains.kotlin.backend.jvm.codegen.FunctionCodegen.generate(FunctionCodegen.kt:48)
	at org.jetbrains.kotlin.backend.jvm.codegen.FunctionCodegen.generate$default(FunctionCodegen.kt:41)
	at org.jetbrains.kotlin.backend.jvm.codegen.ClassCodegen.generateMethodNode(ClassCodegen.kt:405)
	at org.jetbrains.kotlin.backend.jvm.codegen.ClassCodegen.generateMethod(ClassCodegen.kt:422)
	at org.jetbrains.kotlin.backend.jvm.codegen.ClassCodegen.generate(ClassCodegen.kt:167)
	at org.jetbrains.kotlin.backend.jvm.JvmIrCodegenFactory.generateFile$lambda$18(JvmIrCodegenFactory.kt:398)
	at org.jetbrains.kotlin.backend.common.phaser.PhaseBuildersKt$createSimpleNamedCompilerPhase$1.phaseBody(PhaseBuilders.kt:68)
	at org.jetbrains.kotlin.config.phaser.SimpleNamedCompilerPhase.phaseBody(CompilerPhase.kt:215)
	at org.jetbrains.kotlin.config.phaser.NamedCompilerPhase.invoke(CompilerPhase.kt:111)
	at org.jetbrains.kotlin.backend.common.phaser.PerformByIrFilePhase.invokeSequential(performByIrFile.kt:51)
	... 45 more
Caused by: java.lang.IllegalArgumentException: Inline class types should have the same representation: Lkotlin/UByte; != B
	at org.jetbrains.kotlin.backend.jvm.intrinsics.UnsafeCoerce.invoke(UnsafeCoerce.kt:26)
	at org.jetbrains.kotlin.backend.jvm.codegen.ExpressionCodegen.visitCall(ExpressionCodegen.kt:541)
	at org.jetbrains.kotlin.backend.jvm.codegen.ExpressionCodegen.visitCall(ExpressionCodegen.kt:135)
	at org.jetbrains.kotlin.ir.expressions.IrCall.accept(IrCall.kt:24)
	at org.jetbrains.kotlin.backend.jvm.intrinsics.ArraySet.invoke(ArraySet.kt:32)
	at org.jetbrains.kotlin.backend.jvm.codegen.ExpressionCodegen.visitCall(ExpressionCodegen.kt:541)
	at org.jetbrains.kotlin.backend.jvm.codegen.ExpressionCodegen.visitCall(ExpressionCodegen.kt:135)
	at org.jetbrains.kotlin.ir.expressions.IrCall.accept(IrCall.kt:24)
	at org.jetbrains.kotlin.backend.jvm.codegen.ExpressionCodegen.visitStatementContainer(ExpressionCodegen.kt:520)
	at org.jetbrains.kotlin.backend.jvm.codegen.ExpressionCodegen.visitContainerExpression(ExpressionCodegen.kt:534)
	at org.jetbrains.kotlin.backend.jvm.codegen.ExpressionCodegen.visitContainerExpression(ExpressionCodegen.kt:135)
	at org.jetbrains.kotlin.ir.visitors.IrElementVisitor$DefaultImpls.visitBlock(IrElementVisitor.kt:136)
	at org.jetbrains.kotlin.backend.jvm.codegen.ExpressionCodegen.visitBlock(ExpressionCodegen.kt:406)
	at org.jetbrains.kotlin.backend.jvm.codegen.ExpressionCodegen.visitBlock(ExpressionCodegen.kt:135)
	at org.jetbrains.kotlin.ir.expressions.IrBlock.accept(IrBlock.kt:18)
	at org.jetbrains.kotlin.backend.jvm.intrinsics.UnsafeCoerce.invoke(UnsafeCoerce.kt:30)
	at org.jetbrains.kotlin.backend.jvm.codegen.ExpressionCodegen.visitCall(ExpressionCodegen.kt:541)
	at org.jetbrains.kotlin.backend.jvm.codegen.ExpressionCodegen.visitCall(ExpressionCodegen.kt:135)
	at org.jetbrains.kotlin.ir.expressions.IrCall.accept(IrCall.kt:24)
	at org.jetbrains.kotlin.backend.jvm.codegen.ExpressionCodegen.visitVariable(ExpressionCodegen.kt:734)
	at org.jetbrains.kotlin.backend.jvm.codegen.ExpressionCodegen.visitVariable(ExpressionCodegen.kt:135)
	at org.jetbrains.kotlin.ir.declarations.IrVariable.accept(IrVariable.kt:36)
	at org.jetbrains.kotlin.backend.jvm.codegen.ExpressionCodegen.visitStatementContainer(ExpressionCodegen.kt:520)
	at org.jetbrains.kotlin.backend.jvm.codegen.ExpressionCodegen.visitBlockBody(ExpressionCodegen.kt:525)
	at org.jetbrains.kotlin.backend.jvm.codegen.ExpressionCodegen.visitBlockBody(ExpressionCodegen.kt:135)
	at org.jetbrains.kotlin.ir.expressions.IrBlockBody.accept(IrBlockBody.kt:20)
	at org.jetbrains.kotlin.backend.jvm.codegen.ExpressionCodegen.generate(ExpressionCodegen.kt:237)
	at org.jetbrains.kotlin.backend.jvm.codegen.FunctionCodegen.doGenerate(FunctionCodegen.kt:124)
	at org.jetbrains.kotlin.backend.jvm.codegen.FunctionCodegen.generate(FunctionCodegen.kt:45)
	... 54 more


> Task :app:stripGoogleplayDebugDebugSymbols
> Task :app:stripStandardDebugDebugSymbols
> Task :opencv:compileDebugKotlin FAILED

FAILURE: Build failed with an exception.

* What went wrong:
Execution failed for task ':opencv:compileDebugKotlin'.
> A failure occurred while executing org.jetbrains.kotlin.compilerRunner.GradleCompilerRunnerWithWorkers$GradleKotlinCompilerWorkAction
   > Internal compiler error. See log for more details

* Try:
> Run with --stacktrace option to get the stack trace.
> Run with --info or --debug option to get more log output.
> Run with --scan to get full insights.
> Get more help at https://help.gradle.org.

BUILD FAILED in 5s
154 actionable tasks: 15 executed, 139 up-to-date
